The system is: Linux - 4.10.0-32-generic - x86_64
Compiling the C compiler identification source file "CMakeCCompilerId.c" succeeded.
Compiler: /usr/bin/cc 
Build flags: 
Id flags: 

The output was:
0


Compilation of the C compiler identification source "CMakeCCompilerId.c" produced "a.out"

The C compiler identification is GNU, found in "/home/murilo/Documents/TCC/Applications/ONI_Reader/CMakeFiles/3.5.1/CompilerIdC/a.out"

Compiling the CXX compiler identification source file "CMakeCXXCompilerId.cpp" succeeded.
Compiler: /usr/bin/c++ 
Build flags: 
Id flags: 

The output was:
0


Compilation of the CXX compiler identification source "CMakeCXXCompilerId.cpp" produced "a.out"

The CXX compiler identification is GNU, found in "/home/murilo/Documents/TCC/Applications/ONI_Reader/CMakeFiles/3.5.1/CompilerIdCXX/a.out"

Determining if the C compiler works passed with the following output:
Change Dir: /home/murilo/Documents/TCC/Applications/ONI_Reader/CMakeFiles/CMakeTmp

Run Build Command:"/usr/bin/make" "cmTC_d62c5/fast"
/usr/bin/make -f CMakeFiles/cmTC_d62c5.dir/build.make CMakeFiles/cmTC_d62c5.dir/build
make[1]: Entering directory '/home/murilo/Documents/TCC/Applications/ONI_Reader/CMakeFiles/CMakeTmp'
Building C object CMakeFiles/cmTC_d62c5.dir/testCCompiler.c.o
/usr/bin/cc     -o CMakeFiles/cmTC_d62c5.dir/testCCompiler.c.o   -c /home/murilo/Documents/TCC/Applications/ONI_Reader/CMakeFiles/CMakeTmp/testCCompiler.c
Linking C executable cmTC_d62c5
/usr/bin/cmake -E cmake_link_script CMakeFiles/cmTC_d62c5.dir/link.txt --verbose=1
/usr/bin/cc       CMakeFiles/cmTC_d62c5.dir/testCCompiler.c.o  -o cmTC_d62c5 -rdynamic 
make[1]: Leaving directory '/home/murilo/Documents/TCC/Applications/ONI_Reader/CMakeFiles/CMakeTmp'


